2020-03-03 11:55:48 INFO  Sum:12 - Sum :0
  2020-03-03 11:55:48 INFO  Sum:12 - Sum :1
  2020-03-03 11:55:48 INFO  Sum:12 - Sum :3
  2020-03-03 11:55:48 INFO  Sum:12 - Sum :6
  2020-03-03 11:55:48 INFO  Sum:12 - Sum :10
  2020-03-03 11:55:48 INFO  Sum:12 - Sum :15
  2020-03-03 11:55:48 INFO  Sum:12 - Sum :21
  2020-03-03 11:55:48 INFO  Sum:12 - Sum :28
  2020-03-03 11:55:48 INFO  Sum:12 - Sum :36
  2020-03-03 11:55:48 INFO  Sum:12 - Sum :45
  2020-03-03 12:02:31 INFO  Sum:12 - Sum :0
  2020-03-03 12:02:31 INFO  Sum:12 - Sum :1
  2020-03-03 12:02:31 INFO  Sum:12 - Sum :3
  2020-03-03 12:02:31 INFO  Sum:12 - Sum :6
  2020-03-03 12:02:31 INFO  Sum:12 - Sum :10
  2020-03-03 12:02:31 INFO  Sum:12 - Sum :15
  2020-03-03 12:02:31 INFO  Sum:12 - Sum :21
  2020-03-03 12:02:31 INFO  Sum:12 - Sum :28
  2020-03-03 12:02:31 INFO  Sum:12 - Sum :36
  2020-03-03 12:02:31 INFO  Sum:12 - Sum :45
  2020-03-03 12:03:14 INFO  Sum:12 - Sum :0
  2020-03-03 12:03:14 INFO  Sum:12 - Sum :1
  2020-03-03 12:03:14 INFO  Sum:12 - Sum :3
  2020-03-03 12:03:14 INFO  Sum:12 - Sum :6
  2020-03-03 12:03:14 INFO  Sum:12 - Sum :10
  2020-03-03 12:03:14 INFO  Sum:12 - Sum :15
  2020-03-03 12:03:14 INFO  Sum:12 - Sum :21
  2020-03-03 12:03:14 INFO  Sum:12 - Sum :28
  2020-03-03 12:03:14 INFO  Sum:12 - Sum :36
  2020-03-03 12:03:14 INFO  Sum:12 - Sum :45
  2020-03-03 12:03:28 INFO  Sum:12 - Sum :0
  2020-03-03 12:03:28 INFO  Sum:12 - Sum :1
  2020-03-03 12:03:28 INFO  Sum:12 - Sum :3
  2020-03-03 12:03:28 INFO  Sum:12 - Sum :6
  2020-03-03 12:03:28 INFO  Sum:12 - Sum :10
  2020-03-03 12:03:28 INFO  Sum:12 - Sum :15
  2020-03-03 12:03:28 INFO  Sum:12 - Sum :21
  2020-03-03 12:03:28 INFO  Sum:12 - Sum :28
  2020-03-03 12:03:28 INFO  Sum:12 - Sum :36
  2020-03-03 12:03:28 INFO  Sum:12 - Sum :45
  2020-03-03 12:23:45 INFO  Sum:12 - Sum :0
  2020-03-03 12:23:45 INFO  Sum:12 - Sum :1
  2020-03-03 12:23:45 INFO  Sum:12 - Sum :3
  2020-03-03 12:23:45 INFO  Sum:12 - Sum :6
  2020-03-03 12:23:45 INFO  Sum:12 - Sum :10
  2020-03-03 12:23:45 INFO  Sum:12 - Sum :15
  2020-03-03 12:23:45 INFO  Sum:12 - Sum :21
  2020-03-03 12:23:45 INFO  Sum:12 - Sum :28
  2020-03-03 12:23:45 INFO  Sum:12 - Sum :36
  2020-03-03 12:23:45 INFO  Sum:12 - Sum :45
  2020-03-03 12:24:13 INFO  Sum:12 - Sum :0
  2020-03-03 12:24:13 INFO  Sum:12 - Sum :1
  2020-03-03 12:24:13 INFO  Sum:12 - Sum :3
  2020-03-03 12:24:13 INFO  Sum:12 - Sum :6
  2020-03-03 12:24:13 INFO  Sum:12 - Sum :10
  2020-03-03 12:24:13 INFO  Sum:12 - Sum :15
  2020-03-03 12:24:13 INFO  Sum:12 - Sum :21
  2020-03-03 12:24:13 INFO  Sum:12 - Sum :28
  2020-03-03 12:24:13 INFO  Sum:12 - Sum :36
  2020-03-03 12:24:13 INFO  Sum:12 - Sum :45
  2020-03-03 12:26:58 INFO  Sum:12 - Sum :0
  2020-03-03 12:26:58 INFO  Sum:12 - Sum :1
  2020-03-03 12:26:58 INFO  Sum:12 - Sum :3
  2020-03-03 12:26:58 INFO  Sum:12 - Sum :6
  2020-03-03 12:26:58 INFO  Sum:12 - Sum :10
  2020-03-03 12:26:58 INFO  Sum:12 - Sum :15
  2020-03-03 12:26:58 INFO  Sum:12 - Sum :21
  2020-03-03 12:26:58 INFO  Sum:12 - Sum :28
  2020-03-03 12:26:58 INFO  Sum:12 - Sum :36
  2020-03-03 12:26:58 INFO  Sum:12 - Sum :45
  2020-03-03 12:28:54 INFO  Sum:12 - Sum :0
  2020-03-03 12:28:54 INFO  Sum:12 - Sum :1
  2020-03-03 12:28:54 INFO  Sum:12 - Sum :3
  2020-03-03 12:28:54 INFO  Sum:12 - Sum :6
  2020-03-03 12:28:54 INFO  Sum:12 - Sum :10
  2020-03-03 12:28:54 INFO  Sum:12 - Sum :15
  2020-03-03 12:28:54 INFO  Sum:12 - Sum :21
  2020-03-03 12:28:54 INFO  Sum:12 - Sum :28
  2020-03-03 12:28:54 INFO  Sum:12 - Sum :36
  2020-03-03 12:28:54 INFO  Sum:12 - Sum :45
  2020-03-03 12:29:38 INFO  Sum:12 - Sum :0
  2020-03-03 12:29:57 INFO  Sum:12 - Sum :1
  2020-03-03 12:30:02 INFO  Sum:12 - Sum :3
  2020-03-03 12:30:07 INFO  Sum:12 - Sum :6
  2020-03-03 12:30:08 INFO  Sum:12 - Sum :10
  2020-03-03 12:30:09 INFO  Sum:12 - Sum :15
  2020-03-03 12:30:09 INFO  Sum:12 - Sum :21
  2020-03-03 12:30:12 INFO  Sum:12 - Sum :28
  2020-03-03 12:30:12 INFO  Sum:12 - Sum :36
  2020-03-03 12:30:13 INFO  Sum:12 - Sum :45
  2020-03-03 12:32:39 INFO  Sum:12 - Sum :0
  2020-03-03 12:32:39 INFO  Sum:12 - Sum :1
  2020-03-03 12:32:39 INFO  Sum:12 - Sum :3
  2020-03-03 12:32:39 INFO  Sum:12 - Sum :6
  2020-03-03 12:32:39 INFO  Sum:12 - Sum :10
  2020-03-03 12:32:39 INFO  Sum:12 - Sum :15
  2020-03-03 12:32:39 INFO  Sum:12 - Sum :21
  2020-03-03 12:32:39 INFO  Sum:12 - Sum :28
  2020-03-03 12:32:39 INFO  Sum:12 - Sum :36
  2020-03-03 12:32:39 INFO  Sum:12 - Sum :45
  2020-03-03 12:33:42 INFO  Sum:12 - Sum :0
  2020-03-03 12:33:42 WARN  Sum:13 - Warning
  2020-03-03 12:33:42 INFO  Sum:12 - Sum :1
  2020-03-03 12:33:42 WARN  Sum:13 - Warning
  2020-03-03 12:33:42 INFO  Sum:12 - Sum :3
  2020-03-03 12:33:42 WARN  Sum:13 - Warning
  2020-03-03 12:33:42 INFO  Sum:12 - Sum :6
  2020-03-03 12:33:42 WARN  Sum:13 - Warning
  2020-03-03 12:33:42 INFO  Sum:12 - Sum :10
  2020-03-03 12:33:42 WARN  Sum:13 - Warning
  2020-03-03 12:33:42 INFO  Sum:12 - Sum :15
  2020-03-03 12:33:42 WARN  Sum:13 - Warning
  2020-03-03 12:33:42 INFO  Sum:12 - Sum :21
  2020-03-03 12:33:42 WARN  Sum:13 - Warning
  2020-03-03 12:33:42 INFO  Sum:12 - Sum :28
  2020-03-03 12:33:42 WARN  Sum:13 - Warning
  2020-03-03 12:33:42 INFO  Sum:12 - Sum :36
  2020-03-03 12:33:42 WARN  Sum:13 - Warning
  2020-03-03 12:33:42 INFO  Sum:12 - Sum :45
  2020-03-03 12:33:42 WARN  Sum:13 - Warning
  2020-03-03 12:38:31 INFO  Sum:12 - Sum :0
  2020-03-03 12:38:31 INFO  Sum:14 - Sample info message
  2020-03-03 12:38:31 WARN  Sum:15 - Sample warn message
  2020-03-03 12:38:31 ERROR Sum:16 - Sample error message
  2020-03-03 12:38:31 FATAL Sum:17 - Sample fatal message
  2020-03-03 12:38:31 INFO  Sum:12 - Sum :1
  2020-03-03 12:38:31 INFO  Sum:14 - Sample info message
  2020-03-03 12:38:31 WARN  Sum:15 - Sample warn message
  2020-03-03 12:38:31 ERROR Sum:16 - Sample error message
  2020-03-03 12:38:31 FATAL Sum:17 - Sample fatal message
  2020-03-03 12:38:31 INFO  Sum:12 - Sum :3
  2020-03-03 12:38:31 INFO  Sum:14 - Sample info message
  2020-03-03 12:38:31 WARN  Sum:15 - Sample warn message
  2020-03-03 12:38:31 ERROR Sum:16 - Sample error message
  2020-03-03 12:38:31 FATAL Sum:17 - Sample fatal message
  2020-03-03 12:38:31 INFO  Sum:12 - Sum :6
  2020-03-03 12:38:31 INFO  Sum:14 - Sample info message
  2020-03-03 12:38:31 WARN  Sum:15 - Sample warn message
  2020-03-03 12:38:31 ERROR Sum:16 - Sample error message
  2020-03-03 12:38:31 FATAL Sum:17 - Sample fatal message
  2020-03-03 12:38:31 INFO  Sum:12 - Sum :10
  2020-03-03 12:38:31 INFO  Sum:14 - Sample info message
  2020-03-03 12:38:31 WARN  Sum:15 - Sample warn message
  2020-03-03 12:38:31 ERROR Sum:16 - Sample error message
  2020-03-03 12:38:31 FATAL Sum:17 - Sample fatal message
  2020-03-03 12:38:31 INFO  Sum:12 - Sum :15
  2020-03-03 12:38:31 INFO  Sum:14 - Sample info message
  2020-03-03 12:38:31 WARN  Sum:15 - Sample warn message
  2020-03-03 12:38:31 ERROR Sum:16 - Sample error message
  2020-03-03 12:38:31 FATAL Sum:17 - Sample fatal message
  2020-03-03 12:38:31 INFO  Sum:12 - Sum :21
  2020-03-03 12:38:31 INFO  Sum:14 - Sample info message
  2020-03-03 12:38:31 WARN  Sum:15 - Sample warn message
  2020-03-03 12:38:31 ERROR Sum:16 - Sample error message
  2020-03-03 12:38:31 FATAL Sum:17 - Sample fatal message
  2020-03-03 12:38:31 INFO  Sum:12 - Sum :28
  2020-03-03 12:38:31 INFO  Sum:14 - Sample info message
  2020-03-03 12:38:31 WARN  Sum:15 - Sample warn message
  2020-03-03 12:38:31 ERROR Sum:16 - Sample error message
  2020-03-03 12:38:31 FATAL Sum:17 - Sample fatal message
  2020-03-03 12:38:31 INFO  Sum:12 - Sum :36
  2020-03-03 12:38:31 INFO  Sum:14 - Sample info message
  2020-03-03 12:38:31 WARN  Sum:15 - Sample warn message
  2020-03-03 12:38:31 ERROR Sum:16 - Sample error message
  2020-03-03 12:38:31 FATAL Sum:17 - Sample fatal message
  2020-03-03 12:38:31 INFO  Sum:12 - Sum :45
  2020-03-03 12:38:31 INFO  Sum:14 - Sample info message
  2020-03-03 12:38:31 WARN  Sum:15 - Sample warn message
  2020-03-03 12:38:31 ERROR Sum:16 - Sample error message
  2020-03-03 12:38:31 FATAL Sum:17 - Sample fatal message
  2020-03-03 12:44:06 INFO  Sum:12 - Sum :0
  2020-03-03 12:44:06 INFO  Sum:15 - Info Message!
  2020-03-03 12:44:06 WARN  Sum:16 - Warn Message!
  2020-03-03 12:44:06 ERROR Sum:17 - Error Message!
  2020-03-03 12:44:06 FATAL Sum:18 - Fatal Message!
  2020-03-03 12:44:06 INFO  Sum:12 - Sum :1
  2020-03-03 12:44:06 INFO  Sum:15 - Info Message!
  2020-03-03 12:44:06 WARN  Sum:16 - Warn Message!
  2020-03-03 12:44:06 ERROR Sum:17 - Error Message!
  2020-03-03 12:44:06 FATAL Sum:18 - Fatal Message!
  2020-03-03 12:44:06 INFO  Sum:12 - Sum :3
  2020-03-03 12:44:06 INFO  Sum:15 - Info Message!
  2020-03-03 12:44:06 WARN  Sum:16 - Warn Message!
  2020-03-03 12:44:06 ERROR Sum:17 - Error Message!
  2020-03-03 12:44:06 FATAL Sum:18 - Fatal Message!
  2020-03-03 12:44:06 INFO  Sum:12 - Sum :6
  2020-03-03 12:44:06 INFO  Sum:15 - Info Message!
  2020-03-03 12:44:06 WARN  Sum:16 - Warn Message!
  2020-03-03 12:44:06 ERROR Sum:17 - Error Message!
  2020-03-03 12:44:06 FATAL Sum:18 - Fatal Message!
  2020-03-03 12:44:06 INFO  Sum:12 - Sum :10
  2020-03-03 12:44:06 INFO  Sum:15 - Info Message!
  2020-03-03 12:44:06 WARN  Sum:16 - Warn Message!
  2020-03-03 12:44:06 ERROR Sum:17 - Error Message!
  2020-03-03 12:44:06 FATAL Sum:18 - Fatal Message!
  2020-03-03 12:44:06 INFO  Sum:12 - Sum :15
  2020-03-03 12:44:06 INFO  Sum:15 - Info Message!
  2020-03-03 12:44:06 WARN  Sum:16 - Warn Message!
  2020-03-03 12:44:06 ERROR Sum:17 - Error Message!
  2020-03-03 12:44:06 FATAL Sum:18 - Fatal Message!
  2020-03-03 12:44:06 INFO  Sum:12 - Sum :21
  2020-03-03 12:44:06 INFO  Sum:15 - Info Message!
  2020-03-03 12:44:06 WARN  Sum:16 - Warn Message!
  2020-03-03 12:44:06 ERROR Sum:17 - Error Message!
  2020-03-03 12:44:06 FATAL Sum:18 - Fatal Message!
  2020-03-03 12:44:06 INFO  Sum:12 - Sum :28
  2020-03-03 12:44:06 INFO  Sum:15 - Info Message!
  2020-03-03 12:44:06 WARN  Sum:16 - Warn Message!
  2020-03-03 12:44:06 ERROR Sum:17 - Error Message!
  2020-03-03 12:44:06 FATAL Sum:18 - Fatal Message!
  2020-03-03 12:44:06 INFO  Sum:12 - Sum :36
  2020-03-03 12:44:06 INFO  Sum:15 - Info Message!
  2020-03-03 12:44:06 WARN  Sum:16 - Warn Message!
  2020-03-03 12:44:06 ERROR Sum:17 - Error Message!
  2020-03-03 12:44:06 FATAL Sum:18 - Fatal Message!
  2020-03-03 12:44:06 INFO  Sum:12 - Sum :45
  2020-03-03 12:44:06 INFO  Sum:15 - Info Message!
  2020-03-03 12:44:06 WARN  Sum:16 - Warn Message!
  2020-03-03 12:44:06 ERROR Sum:17 - Error Message!
  2020-03-03 12:44:06 FATAL Sum:18 - Fatal Message!
  2020-03-03 12:49:58 INFO  Sum:12 - Sum :0
  2020-03-03 12:49:58 DEBUG Sum:14 - Debug Message!
  2020-03-03 12:49:58 INFO  Sum:15 - Info Message!
  2020-03-03 12:49:58 WARN  Sum:16 - Warn Message!
  2020-03-03 12:49:58 ERROR Sum:17 - Error Message!
  2020-03-03 12:49:58 FATAL Sum:18 - Fatal Message!
  2020-03-03 12:49:58 INFO  Sum:12 - Sum :1
  2020-03-03 12:49:58 DEBUG Sum:14 - Debug Message!
  2020-03-03 12:49:58 INFO  Sum:15 - Info Message!
  2020-03-03 12:49:58 WARN  Sum:16 - Warn Message!
  2020-03-03 12:49:58 ERROR Sum:17 - Error Message!
  2020-03-03 12:49:58 FATAL Sum:18 - Fatal Message!
  2020-03-03 12:49:58 INFO  Sum:12 - Sum :3
  2020-03-03 12:49:58 DEBUG Sum:14 - Debug Message!
  2020-03-03 12:49:58 INFO  Sum:15 - Info Message!
  2020-03-03 12:49:58 WARN  Sum:16 - Warn Message!
  2020-03-03 12:49:58 ERROR Sum:17 - Error Message!
  2020-03-03 12:49:58 FATAL Sum:18 - Fatal Message!
  2020-03-03 12:49:58 INFO  Sum:12 - Sum :6
  2020-03-03 12:49:58 DEBUG Sum:14 - Debug Message!
  2020-03-03 12:49:58 INFO  Sum:15 - Info Message!
  2020-03-03 12:49:58 WARN  Sum:16 - Warn Message!
  2020-03-03 12:49:58 ERROR Sum:17 - Error Message!
  2020-03-03 12:49:58 FATAL Sum:18 - Fatal Message!
  2020-03-03 12:49:58 INFO  Sum:12 - Sum :10
  2020-03-03 12:49:58 DEBUG Sum:14 - Debug Message!
  2020-03-03 12:49:58 INFO  Sum:15 - Info Message!
  2020-03-03 12:49:58 WARN  Sum:16 - Warn Message!
  2020-03-03 12:49:58 ERROR Sum:17 - Error Message!
  2020-03-03 12:49:58 FATAL Sum:18 - Fatal Message!
  2020-03-03 12:49:58 INFO  Sum:12 - Sum :15
  2020-03-03 12:49:58 DEBUG Sum:14 - Debug Message!
  2020-03-03 12:49:58 INFO  Sum:15 - Info Message!
  2020-03-03 12:49:58 WARN  Sum:16 - Warn Message!
  2020-03-03 12:49:58 ERROR Sum:17 - Error Message!
  2020-03-03 12:49:58 FATAL Sum:18 - Fatal Message!
  2020-03-03 12:49:58 INFO  Sum:12 - Sum :21
  2020-03-03 12:49:58 DEBUG Sum:14 - Debug Message!
  2020-03-03 12:49:58 INFO  Sum:15 - Info Message!
  2020-03-03 12:49:58 WARN  Sum:16 - Warn Message!
  2020-03-03 12:49:58 ERROR Sum:17 - Error Message!
  2020-03-03 12:49:58 FATAL Sum:18 - Fatal Message!
  2020-03-03 12:49:58 INFO  Sum:12 - Sum :28
  2020-03-03 12:49:58 DEBUG Sum:14 - Debug Message!
  2020-03-03 12:49:58 INFO  Sum:15 - Info Message!
  2020-03-03 12:49:58 WARN  Sum:16 - Warn Message!
  2020-03-03 12:49:58 ERROR Sum:17 - Error Message!
  2020-03-03 12:49:58 FATAL Sum:18 - Fatal Message!
  2020-03-03 12:49:58 INFO  Sum:12 - Sum :36
  2020-03-03 12:49:58 DEBUG Sum:14 - Debug Message!
  2020-03-03 12:49:58 INFO  Sum:15 - Info Message!
  2020-03-03 12:49:58 WARN  Sum:16 - Warn Message!
  2020-03-03 12:49:58 ERROR Sum:17 - Error Message!
  2020-03-03 12:49:58 FATAL Sum:18 - Fatal Message!
  2020-03-03 12:49:58 INFO  Sum:12 - Sum :45
  2020-03-03 12:49:58 DEBUG Sum:14 - Debug Message!
  2020-03-03 12:49:58 INFO  Sum:15 - Info Message!
  2020-03-03 12:49:58 WARN  Sum:16 - Warn Message!
  2020-03-03 12:49:58 ERROR Sum:17 - Error Message!
  2020-03-03 12:49:58 FATAL Sum:18 - Fatal Message!
  2020-03-03 12:50:18 INFO  Sum:12 - Sum :0
  2020-03-03 12:50:18 DEBUG Sum:14 - Debug Message!
  2020-03-03 12:50:18 INFO  Sum:15 - Info Message!
  2020-03-03 12:50:18 WARN  Sum:16 - Warn Message!
  2020-03-03 12:50:18 ERROR Sum:17 - Error Message!
  2020-03-03 12:50:18 FATAL Sum:18 - Fatal Message!
  2020-03-03 12:50:18 INFO  Sum:12 - Sum :1
  2020-03-03 12:50:18 DEBUG Sum:14 - Debug Message!
  2020-03-03 12:50:18 INFO  Sum:15 - Info Message!
  2020-03-03 12:50:18 WARN  Sum:16 - Warn Message!
  2020-03-03 12:50:18 ERROR Sum:17 - Error Message!
  2020-03-03 12:50:18 FATAL Sum:18 - Fatal Message!
  2020-03-03 12:50:18 INFO  Sum:12 - Sum :3
  2020-03-03 12:50:18 DEBUG Sum:14 - Debug Message!
  2020-03-03 12:50:18 INFO  Sum:15 - Info Message!
  2020-03-03 12:50:18 WARN  Sum:16 - Warn Message!
  2020-03-03 12:50:18 ERROR Sum:17 - Error Message!
  2020-03-03 12:50:18 FATAL Sum:18 - Fatal Message!
  2020-03-03 12:50:18 INFO  Sum:12 - Sum :6
  2020-03-03 12:50:18 DEBUG Sum:14 - Debug Message!
  2020-03-03 12:50:18 INFO  Sum:15 - Info Message!
  2020-03-03 12:50:18 WARN  Sum:16 - Warn Message!
  2020-03-03 12:50:18 ERROR Sum:17 - Error Message!
  2020-03-03 12:50:18 FATAL Sum:18 - Fatal Message!
  2020-03-03 12:50:18 INFO  Sum:12 - Sum :10
  2020-03-03 12:50:18 DEBUG Sum:14 - Debug Message!
  2020-03-03 12:50:18 INFO  Sum:15 - Info Message!
  2020-03-03 12:50:18 WARN  Sum:16 - Warn Message!
  2020-03-03 12:50:18 ERROR Sum:17 - Error Message!
  2020-03-03 12:50:18 FATAL Sum:18 - Fatal Message!
  2020-03-03 12:50:18 INFO  Sum:12 - Sum :15
  2020-03-03 12:50:18 DEBUG Sum:14 - Debug Message!
  2020-03-03 12:50:18 INFO  Sum:15 - Info Message!
  2020-03-03 12:50:18 WARN  Sum:16 - Warn Message!
  2020-03-03 12:50:18 ERROR Sum:17 - Error Message!
  2020-03-03 12:50:18 FATAL Sum:18 - Fatal Message!
  2020-03-03 12:50:18 INFO  Sum:12 - Sum :21
  2020-03-03 12:50:18 DEBUG Sum:14 - Debug Message!
  2020-03-03 12:50:18 INFO  Sum:15 - Info Message!
  2020-03-03 12:50:18 WARN  Sum:16 - Warn Message!
  2020-03-03 12:50:18 ERROR Sum:17 - Error Message!
  2020-03-03 12:50:18 FATAL Sum:18 - Fatal Message!
  2020-03-03 12:50:18 INFO  Sum:12 - Sum :28
  2020-03-03 12:50:18 DEBUG Sum:14 - Debug Message!
  2020-03-03 12:50:18 INFO  Sum:15 - Info Message!
  2020-03-03 12:50:18 WARN  Sum:16 - Warn Message!
  2020-03-03 12:50:18 ERROR Sum:17 - Error Message!
  2020-03-03 12:50:18 FATAL Sum:18 - Fatal Message!
  2020-03-03 12:50:18 INFO  Sum:12 - Sum :36
  2020-03-03 12:50:18 DEBUG Sum:14 - Debug Message!
  2020-03-03 12:50:18 INFO  Sum:15 - Info Message!
  2020-03-03 12:50:18 WARN  Sum:16 - Warn Message!
  2020-03-03 12:50:18 ERROR Sum:17 - Error Message!
  2020-03-03 12:50:18 FATAL Sum:18 - Fatal Message!
  2020-03-03 12:50:18 INFO  Sum:12 - Sum :45
  2020-03-03 12:50:18 DEBUG Sum:14 - Debug Message!
  2020-03-03 12:50:18 INFO  Sum:15 - Info Message!
  2020-03-03 12:50:18 WARN  Sum:16 - Warn Message!
  2020-03-03 12:50:18 ERROR Sum:17 - Error Message!
  2020-03-03 12:50:18 FATAL Sum:18 - Fatal Message!
  2020-03-03 12:51:29 INFO  Sum:12 - Sum :0
  2020-03-03 12:51:29 DEBUG Sum:14 - Debug Message!
  2020-03-03 12:51:29 INFO  Sum:15 - Info Message!
  2020-03-03 12:51:29 WARN  Sum:16 - Warn Message!
  2020-03-03 12:51:29 ERROR Sum:17 - Error Message!
  2020-03-03 12:51:29 FATAL Sum:18 - Fatal Message!
  2020-03-03 12:51:29 INFO  Sum:12 - Sum :1
  2020-03-03 12:51:29 DEBUG Sum:14 - Debug Message!
  2020-03-03 12:51:29 INFO  Sum:15 - Info Message!
  2020-03-03 12:51:29 WARN  Sum:16 - Warn Message!
  2020-03-03 12:51:29 ERROR Sum:17 - Error Message!
  2020-03-03 12:51:29 FATAL Sum:18 - Fatal Message!
  2020-03-03 12:51:29 INFO  Sum:12 - Sum :3
  2020-03-03 12:51:29 DEBUG Sum:14 - Debug Message!
  2020-03-03 12:51:29 INFO  Sum:15 - Info Message!
  2020-03-03 12:51:29 WARN  Sum:16 - Warn Message!
  2020-03-03 12:51:29 ERROR Sum:17 - Error Message!
  2020-03-03 12:51:29 FATAL Sum:18 - Fatal Message!
  2020-03-03 12:51:29 INFO  Sum:12 - Sum :6
  2020-03-03 12:51:29 DEBUG Sum:14 - Debug Message!
  2020-03-03 12:51:29 INFO  Sum:15 - Info Message!
  2020-03-03 12:51:29 WARN  Sum:16 - Warn Message!
  2020-03-03 12:51:29 ERROR Sum:17 - Error Message!
  2020-03-03 12:51:29 FATAL Sum:18 - Fatal Message!
  2020-03-03 12:51:29 INFO  Sum:12 - Sum :10
  2020-03-03 12:51:29 DEBUG Sum:14 - Debug Message!
  2020-03-03 12:51:29 INFO  Sum:15 - Info Message!
  2020-03-03 12:51:29 WARN  Sum:16 - Warn Message!
  2020-03-03 12:51:29 ERROR Sum:17 - Error Message!
  2020-03-03 12:51:29 FATAL Sum:18 - Fatal Message!
  2020-03-03 12:51:29 INFO  Sum:12 - Sum :15
  2020-03-03 12:51:29 DEBUG Sum:14 - Debug Message!
  2020-03-03 12:51:29 INFO  Sum:15 - Info Message!
  2020-03-03 12:51:29 WARN  Sum:16 - Warn Message!
  2020-03-03 12:51:29 ERROR Sum:17 - Error Message!
  2020-03-03 12:51:29 FATAL Sum:18 - Fatal Message!
  2020-03-03 12:51:29 INFO  Sum:12 - Sum :21
  2020-03-03 12:51:29 DEBUG Sum:14 - Debug Message!
  2020-03-03 12:51:29 INFO  Sum:15 - Info Message!
  2020-03-03 12:51:29 WARN  Sum:16 - Warn Message!
  2020-03-03 12:51:29 ERROR Sum:17 - Error Message!
  2020-03-03 12:51:29 FATAL Sum:18 - Fatal Message!
  2020-03-03 12:51:29 INFO  Sum:12 - Sum :28
  2020-03-03 12:51:29 DEBUG Sum:14 - Debug Message!
  2020-03-03 12:51:29 INFO  Sum:15 - Info Message!
  2020-03-03 12:51:29 WARN  Sum:16 - Warn Message!
  2020-03-03 12:51:29 ERROR Sum:17 - Error Message!
  2020-03-03 12:51:29 FATAL Sum:18 - Fatal Message!
  2020-03-03 12:51:29 INFO  Sum:12 - Sum :36
  2020-03-03 12:51:29 DEBUG Sum:14 - Debug Message!
  2020-03-03 12:51:29 INFO  Sum:15 - Info Message!
  2020-03-03 12:51:29 WARN  Sum:16 - Warn Message!
  2020-03-03 12:51:29 ERROR Sum:17 - Error Message!
  2020-03-03 12:51:29 FATAL Sum:18 - Fatal Message!
  2020-03-03 12:51:29 INFO  Sum:12 - Sum :45
  2020-03-03 12:51:29 DEBUG Sum:14 - Debug Message!
  2020-03-03 12:51:29 INFO  Sum:15 - Info Message!
  2020-03-03 12:51:29 WARN  Sum:16 - Warn Message!
  2020-03-03 12:51:29 ERROR Sum:17 - Error Message!
  2020-03-03 12:51:29 FATAL Sum:18 - Fatal Message!
  2020-03-03 12:51:47 INFO  Sum:12 - Sum :0
  2020-03-03 12:51:47 DEBUG Sum:14 - Debug Message!
  2020-03-03 12:51:47 INFO  Sum:15 - Info Message!
  2020-03-03 12:51:47 WARN  Sum:16 - Warn Message!
  2020-03-03 12:51:47 ERROR Sum:17 - Error Message!
  2020-03-03 12:51:47 FATAL Sum:18 - Fatal Message!
  2020-03-03 12:51:47 INFO  Sum:12 - Sum :1
  2020-03-03 12:51:47 DEBUG Sum:14 - Debug Message!
  2020-03-03 12:51:47 INFO  Sum:15 - Info Message!
  2020-03-03 12:51:47 WARN  Sum:16 - Warn Message!
  2020-03-03 12:51:47 ERROR Sum:17 - Error Message!
  2020-03-03 12:51:47 FATAL Sum:18 - Fatal Message!
  2020-03-03 12:51:47 INFO  Sum:12 - Sum :3
  2020-03-03 12:51:47 DEBUG Sum:14 - Debug Message!
  2020-03-03 12:51:47 INFO  Sum:15 - Info Message!
  2020-03-03 12:51:47 WARN  Sum:16 - Warn Message!
  2020-03-03 12:51:47 ERROR Sum:17 - Error Message!
  2020-03-03 12:51:47 FATAL Sum:18 - Fatal Message!
  2020-03-03 12:51:47 INFO  Sum:12 - Sum :6
  2020-03-03 12:51:47 DEBUG Sum:14 - Debug Message!
  2020-03-03 12:51:47 INFO  Sum:15 - Info Message!
  2020-03-03 12:51:47 WARN  Sum:16 - Warn Message!
  2020-03-03 12:51:47 ERROR Sum:17 - Error Message!
  2020-03-03 12:51:47 FATAL Sum:18 - Fatal Message!
  2020-03-03 12:51:47 INFO  Sum:12 - Sum :10
  2020-03-03 12:51:47 DEBUG Sum:14 - Debug Message!
  2020-03-03 12:51:47 INFO  Sum:15 - Info Message!
  2020-03-03 12:51:47 WARN  Sum:16 - Warn Message!
  2020-03-03 12:51:47 ERROR Sum:17 - Error Message!
  2020-03-03 12:51:47 FATAL Sum:18 - Fatal Message!
  2020-03-03 12:51:47 INFO  Sum:12 - Sum :15
  2020-03-03 12:51:47 DEBUG Sum:14 - Debug Message!
  2020-03-03 12:51:47 INFO  Sum:15 - Info Message!
  2020-03-03 12:51:47 WARN  Sum:16 - Warn Message!
  2020-03-03 12:51:47 ERROR Sum:17 - Error Message!
  2020-03-03 12:51:47 FATAL Sum:18 - Fatal Message!
  2020-03-03 12:51:47 INFO  Sum:12 - Sum :21
  2020-03-03 12:51:47 DEBUG Sum:14 - Debug Message!
  2020-03-03 12:51:47 INFO  Sum:15 - Info Message!
  2020-03-03 12:51:47 WARN  Sum:16 - Warn Message!
  2020-03-03 12:51:47 ERROR Sum:17 - Error Message!
  2020-03-03 12:51:47 FATAL Sum:18 - Fatal Message!
  2020-03-03 12:51:47 INFO  Sum:12 - Sum :28
  2020-03-03 12:51:47 DEBUG Sum:14 - Debug Message!
  2020-03-03 12:51:47 INFO  Sum:15 - Info Message!
  2020-03-03 12:51:47 WARN  Sum:16 - Warn Message!
  2020-03-03 12:51:47 ERROR Sum:17 - Error Message!
  2020-03-03 12:51:47 FATAL Sum:18 - Fatal Message!
  2020-03-03 12:51:47 INFO  Sum:12 - Sum :36
  2020-03-03 12:51:47 DEBUG Sum:14 - Debug Message!
  2020-03-03 12:51:47 INFO  Sum:15 - Info Message!
  2020-03-03 12:51:47 WARN  Sum:16 - Warn Message!
  2020-03-03 12:51:47 ERROR Sum:17 - Error Message!
  2020-03-03 12:51:47 FATAL Sum:18 - Fatal Message!
  2020-03-03 12:51:47 INFO  Sum:12 - Sum :45
  2020-03-03 12:51:47 DEBUG Sum:14 - Debug Message!
  2020-03-03 12:51:47 INFO  Sum:15 - Info Message!
  2020-03-03 12:51:47 WARN  Sum:16 - Warn Message!
  2020-03-03 12:51:47 ERROR Sum:17 - Error Message!
  2020-03-03 12:51:47 FATAL Sum:18 - Fatal Message!
  